file /home/e1529750/Code/guisan/demo/ff/SConstruct,line 21:
	Configure(confdir = .sconf_temp)
scons: Configure: Checking for pkg-config... 
scons: Configure: ".sconf_temp/conftest_0" is up to date.
scons: Configure: The original builder output was:
  |pkg-config --atleast-pkgconfig-version=0.15.0
  |
scons: Configure: (cached) yes

scons: Configure: Checking for sdl2... 
scons: Configure: ".sconf_temp/conftest_1" is up to date.
scons: Configure: The original builder output was:
  |pkg-config --exists 'sdl2'
  |
scons: Configure: (cached) yes

scons: Configure: Checking for SDL2_image... 
scons: Configure: ".sconf_temp/conftest_2" is up to date.
scons: Configure: The original builder output was:
  |pkg-config --exists 'SDL2_image'
  |
scons: Configure: (cached) yes


